0 info it worked if it ends with ok
1 verbose cli [ 'node', '/Users/ben/local/bin/npm', 'run', 'build-js' ]
2 info using npm@3.4.0
3 info using node@v0.10.26
4 verbose run-script [ 'prebuild-js', 'build-js', 'postbuild-js' ]
5 info lifecycle Javascripture@0.0.1~prebuild-js: Javascripture@0.0.1
6 silly lifecycle Javascripture@0.0.1~prebuild-js: no script for prebuild-js, continuing
7 info lifecycle Javascripture@0.0.1~build-js: Javascripture@0.0.1
8 verbose lifecycle Javascripture@0.0.1~build-js: unsafe-perm in lifecycle true
9 verbose lifecycle Javascripture@0.0.1~build-js: PATH: /Users/ben/local/lib/node_modules/npm/bin/node-gyp-bin:/Users/ben/Sites/javascripture.mobi/node_modules/.bin:/usr/local/heroku/bin:/Users/ben/local/bin:/Users/ben/local/bin:/Users/ben/local/bin:/usr/local/bin:/usr/bin:/bin:/usr/sbin:/sbin:/opt/X11/bin:/usr/local/git/bin
10 verbose lifecycle Javascripture@0.0.1~build-js: CWD: /Users/ben/Sites/javascripture.mobi
11 silly lifecycle Javascripture@0.0.1~build-js: Args: [ '-c',
11 silly lifecycle   'browserify -t reactify src/bootstrap.js | uglifyjs > build/build.js && bash update-version-number.sh && node_modules/.bin/node-sass --output build --output-style compressed css/layout.scss' ]
12 silly lifecycle Javascripture@0.0.1~build-js: Returned: code: 1  signal: null
13 info lifecycle Javascripture@0.0.1~build-js: Failed to exec build-js script
14 verbose stack Error: Javascripture@0.0.1 build-js: `browserify -t reactify src/bootstrap.js | uglifyjs > build/build.js && bash update-version-number.sh && node_modules/.bin/node-sass --output build --output-style compressed css/layout.scss`
14 verbose stack Exit status 1
14 verbose stack     at EventEmitter.<anonymous> (/Users/ben/local/lib/node_modules/npm/lib/utils/lifecycle.js:232:16)
14 verbose stack     at EventEmitter.emit (events.js:98:17)
14 verbose stack     at ChildProcess.<anonymous> (/Users/ben/local/lib/node_modules/npm/lib/utils/spawn.js:24:14)
14 verbose stack     at ChildProcess.EventEmitter.emit (events.js:98:17)
14 verbose stack     at maybeClose (child_process.js:743:16)
14 verbose stack     at Process.ChildProcess._handle.onexit (child_process.js:810:5)
15 verbose pkgid Javascripture@0.0.1
16 verbose cwd /Users/ben/Sites/javascripture.mobi
17 error Darwin 15.2.0
18 error argv "node" "/Users/ben/local/bin/npm" "run" "build-js"
19 error node v0.10.26
20 error npm  v3.4.0
21 error code ELIFECYCLE
22 error Javascripture@0.0.1 build-js: `browserify -t reactify src/bootstrap.js | uglifyjs > build/build.js && bash update-version-number.sh && node_modules/.bin/node-sass --output build --output-style compressed css/layout.scss`
22 error Exit status 1
23 error Failed at the Javascripture@0.0.1 build-js script 'browserify -t reactify src/bootstrap.js | uglifyjs > build/build.js && bash update-version-number.sh && node_modules/.bin/node-sass --output build --output-style compressed css/layout.scss'.
23 error Make sure you have the latest version of node.js and npm installed.
23 error If you do, this is most likely a problem with the Javascripture package,
23 error not with npm itself.
23 error Tell the author that this fails on your system:
23 error     browserify -t reactify src/bootstrap.js | uglifyjs > build/build.js && bash update-version-number.sh && node_modules/.bin/node-sass --output build --output-style compressed css/layout.scss
23 error You can get their info via:
23 error     npm owner ls Javascripture
23 error There is likely additional logging output above.
24 verbose exit [ 1, true ]
